<?xml version="1.0" encoding="UTF-8"?>
<!-- Generated by org.testng.reporters.JUnitReportReporter -->
<testsuite hostname="01HW443200" name="com.solutioniq.calculator.unittest.RPNEvaluationTester" tests="1" failures="0" timestamp="5 Aug 2014 11:09:08 GMT" time="0.087" errors="0">
  <testcase name="testAddtionwithCorrectValue" time="0.087" classname="com.solutioniq.calculator.unittest.RPNEvaluationTester"/>
</testsuite> <!-- com.solutioniq.calculator.unittest.RPNEvaluationTester -->
