<?xml version="1.0" encoding="UTF-8"?>
<!-- Generated by org.testng.reporters.JUnitReportReporter -->
<testsuite hostname="01HW443200" name="com.solutioniq.calculator.unittest.RPNEvaluationUnitTester" tests="1" failures="0" timestamp="5 Aug 2014 12:25:23 GMT" time="0.088" errors="0">
  <testcase name="testEvaluateRPNPositive" time="0.088" classname="com.solutioniq.calculator.unittest.RPNEvaluationUnitTester"/>
</testsuite> <!-- com.solutioniq.calculator.unittest.RPNEvaluationUnitTester -->
