<?xml version="1.0" encoding="UTF-8"?>
<!-- Generated by org.testng.reporters.JUnitReportReporter -->
<testsuite hostname="SUDIPTA-PC" name="com.solutioniq.calculator.unittest.testng.RPNEvaluationUnitTest" tests="1" failures="0" timestamp="5 Aug 2014 17:26:56 GMT" time="0.673" errors="0">
  <testcase name="testEvaluateRPNPositive" time="0.673" classname="com.solutioniq.calculator.unittest.testng.RPNEvaluationUnitTest"/>
</testsuite> <!-- com.solutioniq.calculator.unittest.testng.RPNEvaluationUnitTest -->
